<?xml version="1.0" encoding="UTF-8"?>
<testng-results ignored="0" total="2" passed="2" failed="0" skipped="0">
  <reporter-output>
  </reporter-output>
  <suite started-at="2020-01-27T09:29:33Z" name="Facebook WebApplication" finished-at="2020-01-27T09:30:41Z" duration-ms="67964">
    <groups>
    </groups>
    <test started-at="2020-01-27T09:29:33Z" name="Facebook WebApp" finished-at="2020-01-27T09:30:41Z" duration-ms="67964">
      <class name="com.bridgelabz.fb.testcase.LoginPageTest">
        <test-method is-config="true" signature="setup()[pri:0, instance:com.bridgelabz.fb.testcase.LoginPageTest@21507a04]" started-at="2020-01-27T09:29:35Z" name="setup" finished-at="2020-01-27T09:29:39Z" duration-ms="4790" status="PASS">
          <reporter-output>
          </reporter-output>
        </test-method> <!-- setup -->
        <test-method signature="loginTest(java.lang.String, java.lang.String)[pri:0, instance:com.bridgelabz.fb.testcase.LoginPageTest@21507a04]" started-at="2020-01-27T09:29:39Z" name="loginTest" data-provider="getTestData" finished-at="2020-01-27T09:29:53Z" duration-ms="13920" status="PASS">
          <params>
            <param index="0">
              <value>
                <![CDATA[8.109555221E9]]>
              </value>
            </param>
            <param index="1">
              <value>
                <![CDATA[testdata@123]]>
              </value>
            </param>
          </params>
          <reporter-output>
          </reporter-output>
        </test-method> <!-- loginTest -->
        <test-method is-config="true" signature="teardown()[pri:0, instance:com.bridgelabz.fb.testcase.LoginPageTest@21507a04]" started-at="2020-01-27T09:29:53Z" name="teardown" finished-at="2020-01-27T09:29:53Z" duration-ms="152" status="PASS">
          <reporter-output>
          </reporter-output>
        </test-method> <!-- teardown -->
      </class> <!-- com.bridgelabz.fb.testcase.LoginPageTest -->
      <class name="com.bridgelabz.fb.testcase.HomePageTest">
        <test-method is-config="true" signature="setup()[pri:0, instance:com.bridgelabz.fb.testcase.HomePageTest@143640d5]" started-at="2020-01-27T09:29:53Z" name="setup" finished-at="2020-01-27T09:30:12Z" duration-ms="18506" status="PASS">
          <reporter-output>
          </reporter-output>
        </test-method> <!-- setup -->
        <test-method signature="uploadPhotoTest()[pri:0, instance:com.bridgelabz.fb.testcase.HomePageTest@143640d5]" started-at="2020-01-27T09:30:12Z" name="uploadPhotoTest" finished-at="2020-01-27T09:30:41Z" duration-ms="28697" status="PASS">
          <reporter-output>
          </reporter-output>
        </test-method> <!-- uploadPhotoTest -->
        <test-method is-config="true" signature="teardown()[pri:0, instance:com.bridgelabz.fb.testcase.HomePageTest@143640d5]" started-at="2020-01-27T09:30:41Z" name="teardown" finished-at="2020-01-27T09:30:41Z" duration-ms="132" status="PASS">
          <reporter-output>
          </reporter-output>
        </test-method> <!-- teardown -->
      </class> <!-- com.bridgelabz.fb.testcase.HomePageTest -->
    </test> <!-- Facebook WebApp -->
  </suite> <!-- Facebook WebApplication -->
</testng-results>
